<?xml version="1.0" encoding="UTF-8"?>
<testsuites name="jest tests" tests="3" failures="0" time="1.817">
  <testsuite name="distributed-messaging" errors="0" failures="0" skipped="1" timestamp="2019-05-26T01:47:25" time="1.763" tests="3">
    <testcase classname="distributed-messaging apiGateway service should be ready" name="distributed-messaging apiGateway service should be ready" time="0.091">
    </testcase>
    <testcase classname="distributed-messaging apiGateway service should create an order" name="distributed-messaging apiGateway service should create an order" time="0.207">
    </testcase>
    <testcase classname="distributed-messaging network partition in inventory service should recover and send all notifications" name="distributed-messaging network partition in inventory service should recover and send all notifications" time="0">
      <skipped/>
    </testcase>
  </testsuite>
</testsuites>